<?xml version="1.0" encoding="UTF-8"?>
<testng-results skipped="0" failed="0" total="1" passed="1">
  <reporter-output>
  </reporter-output>
  <suite name="Suite" duration-ms="211522" started-at="2016-12-13T10:08:37Z" finished-at="2016-12-13T10:12:09Z">
    <groups>
    </groups>
    <test name="Regression" duration-ms="211522" started-at="2016-12-13T10:08:37Z" finished-at="2016-12-13T10:12:09Z">
      <class name="executionEngine.RunTestNG">
        <test-method status="PASS" signature="setUp()[pri:0, instance:executionEngine.RunTestNG@68837a77]" name="setUp" is-config="true" duration-ms="5" started-at="2016-12-13T17:08:37Z" finished-at="2016-12-13T17:08:37Z">
          <reporter-output>
          </reporter-output>
        </test-method> <!-- setUp -->
        <test-method status="PASS" signature="main()[pri:0, instance:executionEngine.RunTestNG@68837a77]" name="main" duration-ms="211500" started-at="2016-12-13T17:08:37Z" finished-at="2016-12-13T17:12:09Z">
          <reporter-output>
          </reporter-output>
        </test-method> <!-- main -->
        <test-method status="PASS" signature="tearDown()[pri:0, instance:executionEngine.RunTestNG@68837a77]" name="tearDown" is-config="true" duration-ms="0" started-at="2016-12-13T17:12:09Z" finished-at="2016-12-13T17:12:09Z">
          <reporter-output>
          </reporter-output>
        </test-method> <!-- tearDown -->
      </class> <!-- executionEngine.RunTestNG -->
    </test> <!-- Regression -->
  </suite> <!-- Suite -->
</testng-results>
